0 info it worked if it ends with ok
1 verbose cli [ 'C:\\Program Files\\nodejs\\node.exe',
1 verbose cli   'C:\\Program Files\\nodejs\\node_modules\\npm\\bin\\npm-cli.js',
1 verbose cli   'install',
1 verbose cli   '@google/maps',
1 verbose cli   '--save' ]
2 info using npm@3.10.10
3 info using node@v6.9.5
4 silly loadCurrentTree Starting
5 silly install loadCurrentTree
6 silly install readLocalPackageData
7 silly fetchPackageMetaData @google/maps
8 silly fetchNamedPackageData @google/maps
9 silly mapToRegistry name @google/maps
10 silly mapToRegistry scope (from package name) @google
11 verbose mapToRegistry no registry URL found in name for scope @google
12 silly mapToRegistry using default registry
13 silly mapToRegistry registry https://registry.npmjs.org/
14 silly mapToRegistry data Result {
14 silly mapToRegistry   raw: '@google/maps',
14 silly mapToRegistry   scope: '@google',
14 silly mapToRegistry   escapedName: '@google%2fmaps',
14 silly mapToRegistry   name: '@google/maps',
14 silly mapToRegistry   rawSpec: '',
14 silly mapToRegistry   spec: 'latest',
14 silly mapToRegistry   type: 'tag' }
15 silly mapToRegistry uri https://registry.npmjs.org/@google%2fmaps
16 verbose request uri https://registry.npmjs.org/@google%2fmaps
17 verbose request no auth needed
18 info attempt registry request try #1 at 12:32:22 AM
19 verbose request id ca4f690e20cfd00a
20 http request GET https://registry.npmjs.org/@google%2fmaps
21 http 200 https://registry.npmjs.org/@google%2fmaps
22 verbose headers { 'content-type': 'application/json',
22 verbose headers   server: 'nginx/1.10.1',
22 verbose headers   'last-modified': 'Fri, 28 Jul 2017 23:52:31 GMT',
22 verbose headers   etag: 'W/"597bce3f-4da5"',
22 verbose headers   'content-encoding': 'gzip',
22 verbose headers   'cache-control': 'max-age=0',
22 verbose headers   'transfer-encoding': 'chunked',
22 verbose headers   'accept-ranges': 'bytes',
22 verbose headers   date: 'Sat, 12 Aug 2017 05:32:22 GMT',
22 verbose headers   via: '1.1 varnish',
22 verbose headers   age: '0',
22 verbose headers   connection: 'keep-alive',
22 verbose headers   'x-served-by': 'cache-dfw1847-DFW',
22 verbose headers   'x-cache': 'MISS',
22 verbose headers   'x-cache-hits': '0',
22 verbose headers   'x-timer': 'S1502515942.243024,VS0,VE397',
22 verbose headers   vary: 'Accept-Encoding' }
23 silly get cb [ 200,
23 silly get   { 'content-type': 'application/json',
23 silly get     server: 'nginx/1.10.1',
23 silly get     'last-modified': 'Fri, 28 Jul 2017 23:52:31 GMT',
23 silly get     etag: 'W/"597bce3f-4da5"',
23 silly get     'content-encoding': 'gzip',
23 silly get     'cache-control': 'max-age=0',
23 silly get     'transfer-encoding': 'chunked',
23 silly get     'accept-ranges': 'bytes',
23 silly get     date: 'Sat, 12 Aug 2017 05:32:22 GMT',
23 silly get     via: '1.1 varnish',
23 silly get     age: '0',
23 silly get     connection: 'keep-alive',
23 silly get     'x-served-by': 'cache-dfw1847-DFW',
23 silly get     'x-cache': 'MISS',
23 silly get     'x-cache-hits': '0',
23 silly get     'x-timer': 'S1502515942.243024,VS0,VE397',
23 silly get     vary: 'Accept-Encoding' } ]
24 verbose get saving @google/maps to C:\Users\holtz\AppData\Roaming\npm-cache\registry.npmjs.org\_40google_252fmaps\.cache.json
25 verbose correctMkdir C:\Users\holtz\AppData\Roaming\npm-cache correctMkdir not in flight; initializing
26 silly install normalizeTree
27 silly loadCurrentTree Finishing
28 silly loadIdealTree Starting
29 silly install loadIdealTree
30 silly cloneCurrentTree Starting
31 silly install cloneCurrentTreeToIdealTree
32 silly cloneCurrentTree Finishing
33 silly loadShrinkwrap Starting
34 silly install loadShrinkwrap
35 silly loadShrinkwrap Finishing
36 silly loadAllDepsIntoIdealTree Starting
37 silly install loadAllDepsIntoIdealTree
38 silly resolveWithNewModule @google/maps@0.4.3 checking installable status
39 silly cache add args [ '@google/maps', null ]
40 verbose cache add spec @google/maps
41 silly cache add parsed spec Result {
41 silly cache add   raw: '@google/maps',
41 silly cache add   scope: '@google',
41 silly cache add   escapedName: '@google%2fmaps',
41 silly cache add   name: '@google/maps',
41 silly cache add   rawSpec: '',
41 silly cache add   spec: 'latest',
41 silly cache add   type: 'tag' }
42 silly addNamed @google/maps@latest
43 verbose addNamed "latest" is being treated as a dist-tag for @google/maps
44 info addNameTag [ '@google/maps', 'latest' ]
45 silly mapToRegistry name @google/maps
46 silly mapToRegistry scope (from package name) @google
47 verbose mapToRegistry no registry URL found in name for scope @google
48 silly mapToRegistry using default registry
49 silly mapToRegistry registry https://registry.npmjs.org/
50 silly mapToRegistry data Result {
50 silly mapToRegistry   raw: '@google/maps',
50 silly mapToRegistry   scope: '@google',
50 silly mapToRegistry   escapedName: '@google%2fmaps',
50 silly mapToRegistry   name: '@google/maps',
50 silly mapToRegistry   rawSpec: '',
50 silly mapToRegistry   spec: 'latest',
50 silly mapToRegistry   type: 'tag' }
51 silly mapToRegistry uri https://registry.npmjs.org/@google%2fmaps
52 verbose addNameTag registry:https://registry.npmjs.org/@google%2fmaps not in flight; fetching
53 verbose get https://registry.npmjs.org/@google%2fmaps not expired, no request
54 silly addNameTag next cb for @google/maps with tag latest
55 silly addNamed @google/maps@0.4.3
56 verbose addNamed "0.4.3" is a plain semver version for @google/maps
57 silly mapToRegistry name @google/maps
58 silly mapToRegistry scope (from package name) @google
59 verbose mapToRegistry no registry URL found in name for scope @google
60 silly mapToRegistry using default registry
61 silly mapToRegistry registry https://registry.npmjs.org/
62 silly mapToRegistry data Result {
62 silly mapToRegistry   raw: '@google/maps',
62 silly mapToRegistry   scope: '@google',
62 silly mapToRegistry   escapedName: '@google%2fmaps',
62 silly mapToRegistry   name: '@google/maps',
62 silly mapToRegistry   rawSpec: '',
62 silly mapToRegistry   spec: 'latest',
62 silly mapToRegistry   type: 'tag' }
63 silly mapToRegistry uri https://registry.npmjs.org/@google%2fmaps
64 verbose addRemoteTarball https://registry.npmjs.org/@google/maps/-/maps-0.4.3.tgz not in flight; adding
65 verbose addRemoteTarball [ 'https://registry.npmjs.org/@google/maps/-/maps-0.4.3.tgz',
65 verbose addRemoteTarball   'b468961114d6e0749c15802e0da149dcea2283a5' ]
66 info retry fetch attempt 1 at 12:32:22 AM
67 info attempt registry request try #1 at 12:32:22 AM
68 http fetch GET https://registry.npmjs.org/@google/maps/-/maps-0.4.3.tgz
69 http fetch 200 https://registry.npmjs.org/@google/maps/-/maps-0.4.3.tgz
70 warn retry will retry, error on last attempt: Error: EBUSY: resource busy or locked, rename 'C:\Users\holtz\AppData\Local\Temp\npm-3516-51271d07\registry.npmjs.org\_40google\maps\-\maps-0.4.3.tgz.2147045596' -> 'C:\Users\holtz\AppData\Local\Temp\npm-3516-51271d07\registry.npmjs.org\_40google\maps\-\maps-0.4.3.tgz'
71 verbose stack TypeError: tarball.destroy is not a function
71 verbose stack     at WriteStreamAtomic.<anonymous> (C:\Program Files\nodejs\node_modules\npm\lib\cache\add-remote-tarball.js:97:15)
71 verbose stack     at emitOne (events.js:101:20)
71 verbose stack     at WriteStreamAtomic.emit (events.js:188:7)
71 verbose stack     at WriteStreamAtomic.emit (C:\Program Files\nodejs\node_modules\npm\node_modules\fs-write-stream-atomic\index.js:60:34)
71 verbose stack     at C:\Program Files\nodejs\node_modules\npm\node_modules\fs-write-stream-atomic\index.js:89:19
71 verbose stack     at FSReqWrap.oncomplete (fs.js:123:15)
72 verbose cwd C:\Users\holtz\Desktop\git\newtruck\food-truck-app
73 error Windows_NT 10.0.14393
74 error argv "C:\\Program Files\\nodejs\\node.exe" "C:\\Program Files\\nodejs\\node_modules\\npm\\bin\\npm-cli.js" "install" "@google/maps" "--save"
75 error node v6.9.5
76 error npm  v3.10.10
77 error tarball.destroy is not a function
78 error If you need help, you may report this error at:
78 error     <https://github.com/npm/npm/issues>
79 verbose exit [ 1, true ]
